<?xml version="1.0" encoding="UTF-8"?>
<testsuite name="BagMainTest" tests="3" skipped="0" failures="0" errors="0" timestamp="2022-09-23T21:38:21" hostname="Siddharths-MacBook-Air.local" time="0.04">
  <properties/>
  <testcase name="TestEnhanceBagsTrue" classname="BagMainTest" time="0.032"/>
  <testcase name="TestCountCrossbodyStraps" classname="BagMainTest" time="0.005"/>
  <testcase name="TestEnhanceBagsFalse" classname="BagMainTest" time="0.002"/>
  <system-out><![CDATA[]]></system-out>
  <system-err><![CDATA[]]></system-err>
</testsuite>
